0 info it worked if it ends with ok
1 verbose cli [ '/usr/local/bin/node',
1 verbose cli   '/usr/local/bin/npm',
1 verbose cli   'install',
1 verbose cli   'ionic-filter-bar' ]
2 info using npm@2.11.3
3 info using node@v0.12.7
4 verbose install initial load of /Users/mann/Documents/xperineer/package.json
5 warn package.json xperineer@1.0.0 No repository field.
6 verbose readDependencies loading dependencies from /Users/mann/Documents/xperineer/package.json
7 silly cache add args [ 'ionic-filter-bar', null ]
8 verbose cache add spec ionic-filter-bar
9 silly cache add parsed spec { raw: 'ionic-filter-bar',
9 silly cache add   scope: null,
9 silly cache add   name: 'ionic-filter-bar',
9 silly cache add   rawSpec: '',
9 silly cache add   spec: '*',
9 silly cache add   type: 'range' }
10 silly addNamed ionic-filter-bar@*
11 verbose addNamed "*" is a valid semver range for ionic-filter-bar
12 silly addNameRange { name: 'ionic-filter-bar', range: '*', hasData: false }
13 silly mapToRegistry name ionic-filter-bar
14 silly mapToRegistry using default registry
15 silly mapToRegistry registry https://registry.npmjs.org/
16 silly mapToRegistry uri https://registry.npmjs.org/ionic-filter-bar
17 verbose addNameRange registry:https://registry.npmjs.org/ionic-filter-bar not in flight; fetching
18 verbose request uri https://registry.npmjs.org/ionic-filter-bar
19 verbose request no auth needed
20 info attempt registry request try #1 at 10:48:00 AM
21 verbose request id 89e5ce64247796ff
22 http request GET https://registry.npmjs.org/ionic-filter-bar
23 http 404 https://registry.npmjs.org/ionic-filter-bar
24 verbose headers { server: 'CouchDB/1.5.0 (Erlang OTP/R16B03)',
24 verbose headers   'content-type': 'application/json',
24 verbose headers   'cache-control': 'max-age=0',
24 verbose headers   'content-length': '51',
24 verbose headers   'accept-ranges': 'bytes',
24 verbose headers   date: 'Sun, 26 Jul 2015 03:48:01 GMT',
24 verbose headers   via: '1.1 varnish',
24 verbose headers   age: '0',
24 verbose headers   connection: 'keep-alive',
24 verbose headers   'x-served-by': 'cache-hkg6826-HKG',
24 verbose headers   'x-cache': 'MISS',
24 verbose headers   'x-cache-hits': '0',
24 verbose headers   'x-timer': 'S1437882481.048162,VS0,VE173' }
25 silly get cb [ 404,
25 silly get   { server: 'CouchDB/1.5.0 (Erlang OTP/R16B03)',
25 silly get     'content-type': 'application/json',
25 silly get     'cache-control': 'max-age=0',
25 silly get     'content-length': '51',
25 silly get     'accept-ranges': 'bytes',
25 silly get     date: 'Sun, 26 Jul 2015 03:48:01 GMT',
25 silly get     via: '1.1 varnish',
25 silly get     age: '0',
25 silly get     connection: 'keep-alive',
25 silly get     'x-served-by': 'cache-hkg6826-HKG',
25 silly get     'x-cache': 'MISS',
25 silly get     'x-cache-hits': '0',
25 silly get     'x-timer': 'S1437882481.048162,VS0,VE173' } ]
26 verbose stack Error: 404 Not Found: ionic-filter-bar
26 verbose stack     at CachingRegistryClient.<anonymous> (/usr/local/lib/node_modules/npm/node_modules/npm-registry-client/lib/request.js:245:14)
26 verbose stack     at Request._callback (/usr/local/lib/node_modules/npm/node_modules/npm-registry-client/lib/request.js:170:14)
26 verbose stack     at Request.self.callback (/usr/local/lib/node_modules/npm/node_modules/request/request.js:354:22)
26 verbose stack     at Request.emit (events.js:110:17)
26 verbose stack     at Request.<anonymous> (/usr/local/lib/node_modules/npm/node_modules/request/request.js:1207:14)
26 verbose stack     at Request.emit (events.js:129:20)
26 verbose stack     at IncomingMessage.<anonymous> (/usr/local/lib/node_modules/npm/node_modules/request/request.js:1153:12)
26 verbose stack     at IncomingMessage.emit (events.js:129:20)
26 verbose stack     at _stream_readable.js:908:16
26 verbose stack     at process._tickCallback (node.js:355:11)
27 verbose statusCode 404
28 verbose pkgid ionic-filter-bar
29 verbose cwd /Users/mann/Documents/xperineer
30 error Darwin 14.4.0
31 error argv "/usr/local/bin/node" "/usr/local/bin/npm" "install" "ionic-filter-bar"
32 error node v0.12.7
33 error npm  v2.11.3
34 error code E404
35 error 404 Not Found: ionic-filter-bar
35 error 404
35 error 404 'ionic-filter-bar' is not in the npm registry.
35 error 404 You should bug the author to publish it (or use the name yourself!)
35 error 404 It was specified as a dependency of 'xperineer'
35 error 404
35 error 404 Note that you can also install from a
35 error 404 tarball, folder, http url, or git url.
36 verbose exit [ 1, true ]
